<?xml version="1.0" encoding="UTF-8"?>
<!-- Generated by org.testng.reporters.JUnitReportReporter -->
<testsuite hostname="DESKTOP-CHBDV09" failures="0" tests="2" name="com.aein.testng.ParameterizationTest" time="0.018" errors="0" timestamp="2021-02-18T12:50:00 EST" skipped="0">
  <testcase classname="com.aein.testng.ParameterizationTest" name="login" time="0.003"/>
  <system-out/>
  <testcase classname="com.aein.testng.ParameterizationTest" name="login" time="0.015"/>
  <system-out/>
</testsuite> <!-- com.aein.testng.ParameterizationTest -->
