<?xml version="1.0" encoding="UTF-8"?>
<!-- Generated by org.testng.reporters.JUnitReportReporter -->
<testsuite hostname="DESKTOP-CHBDV09" failures="0" tests="2" name="com.aein.testng.BranchCreationTest" time="30.879" errors="0" timestamp="2021-02-18T13:25:20 EST" skipped="0">
  <testcase classname="com.aein.testng.BranchCreationTest" name="branchcreation" time="15.068"/>
  <system-out/>
  <testcase classname="com.aein.testng.BranchCreationTest" name="branchcreation" time="15.811"/>
  <system-out/>
</testsuite> <!-- com.aein.testng.BranchCreationTest -->
