<?xml version="1.0" encoding="UTF-8"?>
<!-- Generated by org.testng.reporters.JUnitReportReporter -->
<testsuite hostname="DESKTOP-CHBDV09" failures="0" tests="2" name="com.aein.testng.AnnotationsTest1" time="0.036" errors="0" timestamp="2021-02-16T16:34:48 EST" skipped="0">
  <testcase classname="com.aein.testng.AnnotationsTest1" name="testmethod2" time="0.008"/>
  <system-out/>
  <testcase classname="com.aein.testng.AnnotationsTest1" name="testmethod1" time="0.028"/>
  <system-out/>
</testsuite> <!-- com.aein.testng.AnnotationsTest1 -->
