<?xml version="1.0" encoding="UTF-8"?>
<!-- Generated by org.testng.reporters.JUnitReportReporter -->
<testsuite hostname="DESKTOP-CHBDV09" failures="0" tests="2" name="com.aein.testng.AnnotationsTest2" time="0.019" errors="0" timestamp="2021-02-16T16:34:48 EST" skipped="0">
  <testcase classname="com.aein.testng.AnnotationsTest2" name="testmethod3" time="0.009"/>
  <system-out/>
  <testcase classname="com.aein.testng.AnnotationsTest2" name="testmethod4" time="0.010"/>
  <system-out/>
</testsuite> <!-- com.aein.testng.AnnotationsTest2 -->
