<?xml version="1.0" encoding="UTF-8"?>
<!-- Generated by org.testng.reporters.JUnitReportReporter -->
<testsuite hostname="DESKTOP-CHBDV09" failures="0" tests="4" name="com.aein.testng.MultipleTestNG" time="0.025" errors="0" timestamp="2021-02-16T17:46:58 EST" skipped="1">
  <testcase classname="com.aein.testng.MultipleTestNG" name="applogout" time="0.004"/>
  <system-out/>
  <testcase classname="com.aein.testng.MultipleTestNG" name="appclose" time="0.018"/>
  <system-out/>
  <testcase classname="com.aein.testng.MultipleTestNG" name="applogin" time="0.003"/>
  <system-out/>
  <testcase classname="com.aein.testng.MultipleTestNG" name="applaunch">
    <skipped/>
  </testcase> <!-- applaunch -->
  <system-out/>
</testsuite> <!-- com.aein.testng.MultipleTestNG -->
