<?xml version="1.0" encoding="UTF-8"?>
<!-- Generated by org.testng.reporters.JUnitXMLReporter -->
<testsuite ignored="0" hostname="DESKTOP-CHBDV09" failures="0" tests="4" name="PrimusBank" time="0.169" errors="0" timestamp="2021-02-16T16:34:48 EST">
  <testcase classname="com.aein.testng.AnnotationsTest1" name="testmethod1" time="0.025"/>
  <testcase classname="com.aein.testng.AnnotationsTest1" name="testmethod2" time="0.003"/>
  <testcase classname="com.aein.testng.AnnotationsTest2" name="testmethod3" time="0.009"/>
  <testcase classname="com.aein.testng.AnnotationsTest2" name="testmethod4" time="0.01"/>
</testsuite> <!-- PrimusBank -->
