<?xml version="1.0" encoding="UTF-8"?>
<testng-results ignored="0" total="2" passed="2" failed="0" skipped="0">
  <reporter-output>
  </reporter-output>
  <suite started-at="2021-02-18T13:24:45 EST" name="Default suite" finished-at="2021-02-18T13:25:19 EST" duration-ms="34720">
    <groups>
    </groups>
    <test started-at="2021-02-18T13:24:45 EST" name="Default test" finished-at="2021-02-18T13:25:19 EST" duration-ms="34720">
      <class name="com.aein.testng.BranchCreationTest">
        <test-method is-config="true" signature="applaunch()[pri:0, instance:com.aein.testng.BranchCreationTest@574b560f]" started-at="2021-02-18T13:24:36 EST" name="applaunch" finished-at="2021-02-18T13:24:45 EST" duration-ms="8886" status="PASS">
          <reporter-output>
          </reporter-output>
        </test-method> <!-- applaunch -->
        <test-method is-config="true" signature="applogin()[pri:0, instance:com.aein.testng.BranchCreationTest@574b560f]" started-at="2021-02-18T13:24:45 EST" name="applogin" finished-at="2021-02-18T13:24:47 EST" duration-ms="1788" status="PASS">
          <reporter-output>
          </reporter-output>
        </test-method> <!-- applogin -->
        <test-method signature="branchcreation(java.lang.String, java.lang.String)[pri:0, instance:com.aein.testng.BranchCreationTest@574b560f]" started-at="2021-02-18T13:24:47 EST" name="branchcreation" data-provider="getdata" finished-at="2021-02-18T13:25:02 EST" duration-ms="15811" status="PASS">
          <params>
            <param index="0">
              <value>
                <![CDATA[aein5654]]>
              </value>
            </param>
            <param index="1">
              <value>
                <![CDATA[madhapur]]>
              </value>
            </param>
          </params>
          <reporter-output>
          </reporter-output>
        </test-method> <!-- branchcreation -->
        <test-method signature="branchcreation(java.lang.String, java.lang.String)[pri:0, instance:com.aein.testng.BranchCreationTest@574b560f]" started-at="2021-02-18T13:25:02 EST" name="branchcreation" data-provider="getdata" finished-at="2021-02-18T13:25:17 EST" duration-ms="15068" status="PASS">
          <params>
            <param index="0">
              <value>
                <![CDATA[aein4567]]>
              </value>
            </param>
            <param index="1">
              <value>
                <![CDATA[selenium2]]>
              </value>
            </param>
          </params>
          <reporter-output>
          </reporter-output>
        </test-method> <!-- branchcreation -->
        <test-method is-config="true" signature="applogou()[pri:0, instance:com.aein.testng.BranchCreationTest@574b560f]" started-at="2021-02-18T13:25:17 EST" name="applogou" finished-at="2021-02-18T13:25:19 EST" duration-ms="1973" status="PASS">
          <reporter-output>
          </reporter-output>
        </test-method> <!-- applogou -->
        <test-method is-config="true" signature="appclose()[pri:0, instance:com.aein.testng.BranchCreationTest@574b560f]" started-at="2021-02-18T13:25:20 EST" name="appclose" finished-at="2021-02-18T13:25:20 EST" duration-ms="271" status="PASS">
          <reporter-output>
          </reporter-output>
        </test-method> <!-- appclose -->
      </class> <!-- com.aein.testng.BranchCreationTest -->
    </test> <!-- Default test -->
  </suite> <!-- Default suite -->
</testng-results>
